<?xml version="1.0" encoding="UTF-8"?>
<!-- Generated by org.testng.reporters.JUnitXMLReporter -->
<testsuite ignored="0" hostname="SHRI" failures="1" tests="1" name="Default test(failed)" time="21.993" errors="0" timestamp="2023-02-27T19:02:39 IST">
  <testcase classname="testScripts.SampleTwoTest" name="cypressSearchTest" time="21.934">
    <failure type="java.lang.AssertionError" message="expected [Cypres Tutorial - Google Search] but found [Cypress Tutorial - Google Search]">
      <![CDATA[java.lang.AssertionError: expected [Cypres Tutorial - Google Search] but found [Cypress Tutorial - Google Search]
at testScripts.SampleTwoTest.cypressSearchTest(SampleTwoTest.java:20)
at java.base/java.util.ArrayList.forEach(ArrayList.java:1511)
... Removed 31 stack frames]]>
    </failure>
  </testcase> <!-- cypressSearchTest -->
</testsuite> <!-- Default test(failed) -->
