<?xml version="1.0" encoding="UTF-8"?>
<!-- Generated by org.testng.reporters.JUnitXMLReporter -->
<testsuite ignored="0" hostname="SHRI" failures="0" tests="4" name="ModuleTwoTest" time="0.222" errors="0" timestamp="2023-03-02T19:44:39 IST">
  <testcase classname="parallelScripts.SampleThreeTest" name="testFour" time="0.032"/>
  <testcase classname="parallelScripts.SampleThreeTest" name="testOne" time="0.044"/>
  <testcase classname="parallelScripts.SampleThreeTest" name="testThree" time="0.018"/>
  <testcase classname="parallelScripts.SampleThreeTest" name="testTwo" time="0.019"/>
</testsuite> <!-- ModuleTwoTest -->
