<?xml version="1.0" encoding="UTF-8"?>
<!-- Generated by org.testng.reporters.JUnitXMLReporter -->
<testsuite ignored="0" hostname="SHRI" failures="0" tests="13" name="ModuleOneTest" time="0.393" errors="0" timestamp="2023-03-02T19:44:39 IST">
  <testcase classname="parallelScripts.SampleOneTest" name="testFour" time="0.033"/>
  <testcase classname="parallelScripts.SampleOneTest" name="testFour" time="0.032"/>
  <testcase classname="parallelScripts.SampleOneTest" name="testFour" time="0.032"/>
  <testcase classname="parallelScripts.SampleOneTest" name="testFour" time="0.024"/>
  <testcase classname="parallelScripts.SampleOneTest" name="testFour" time="0.018"/>
  <testcase classname="parallelScripts.SampleOneTest" name="testFour" time="0.067"/>
  <testcase classname="parallelScripts.SampleOneTest" name="testOne" time="0.027"/>
  <testcase classname="parallelScripts.SampleOneTest" name="testThree" time="0.008"/>
  <testcase classname="parallelScripts.SampleOneTest" name="testTwo" time="0.022"/>
  <testcase classname="parallelScripts.SampleTwoTest" name="testFour" time="0.06"/>
  <testcase classname="parallelScripts.SampleTwoTest" name="testOne" time="0.022"/>
  <testcase classname="parallelScripts.SampleTwoTest" name="testThree" time="0.015"/>
  <testcase classname="parallelScripts.SampleTwoTest" name="testTwo" time="0.011"/>
</testsuite> <!-- ModuleOneTest -->
