<?xml version="1.0" encoding="UTF-8"?>
<testng-results skipped="0" failed="0" ignored="0" total="1" passed="1">
  <reporter-output>
  </reporter-output>
  <suite name="Default suite" duration-ms="11442" started-at="2023-03-14T14:16:45 IST" finished-at="2023-03-14T14:16:56 IST">
    <groups>
    </groups>
    <test name="Default test" duration-ms="11442" started-at="2023-03-14T14:16:45 IST" finished-at="2023-03-14T14:16:56 IST">
      <class name="testScripts.SampleTwoTest">
        <test-method status="PASS" signature="cypressSearchTest()[pri:0, instance:testScripts.SampleTwoTest@64f6106c]" name="cypressSearchTest" duration-ms="11382" started-at="2023-03-14T14:16:45 IST" finished-at="2023-03-14T14:16:56 IST">
          <reporter-output>
          </reporter-output>
        </test-method> <!-- cypressSearchTest -->
      </class> <!-- testScripts.SampleTwoTest -->
    </test> <!-- Default test -->
  </suite> <!-- Default suite -->
</testng-results>
